
> lgrbz-hub-v1@1.0.0 build
> next build

  ▲ Next.js 14.2.35

   Creating an optimized production build ...
 ✓ Compiled successfully
   Skipping linting
   Checking validity of types ...
Failed to compile.

./src/components/transactions/TransactionChangeSummary.tsx:64:9
Type error: Type '{ key: string; label: string; before: string; after: string; }[]' is not assignable to type 'DisplayRow[]'.
  Type '{ key: string; label: string; before: string; after: string; }' is not assignable to type 'DisplayRow'.
    Types of property 'key' are incompatible.
      Type 'string' is not assignable to type 'keyof NormalisedTransaction'.

[0m [90m 62 |[39m     )[33m;[39m[0m
[0m [90m 63 |[39m[0m
[0m[31m[1m>[22m[39m[90m 64 |[39m   [36mconst[39m rows[33m:[39m [33mDisplayRow[39m[] [33m=[39m [[0m
[0m [90m    |[39m         [31m[1m^[22m[39m[0m
[0m [90m 65 |[39m     {[0m
[0m [90m 66 |[39m       key[33m:[39m [32m"date"[39m[33m,[39m[0m
[0m [90m 67 |[39m       label[33m:[39m [32m"Date"[39m[33m,[39m[0m
Next.js build worker exited with code: 1 and signal: null
