----------------------------------------------------------------------
RUN — scripts/scan-portfolio-engine-P3-placeholders.mjs
----------------------------------------------------------------------

Sprint P3 placeholder scan passed.

No mock, placeholder or legacy pricing path was detected in the P3 portfolio pages and engine boundary.

----------------------------------------------------------------------
RUN — scripts/scan-portfolio-engine-P4-placeholders.mjs
----------------------------------------------------------------------

Sprint P4 placeholder scan passed.

No mock, placeholder, independent or non-deterministic dividend path was detected.

----------------------------------------------------------------------
RUN — scripts/scan-portfolio-engine-P5-routes.mjs
----------------------------------------------------------------------

Sprint P5 route scan passed.

No mock, placeholder, legacy or independent portfolio calculation path was detected in the unified P5 routes.

----------------------------------------------------------------------
RUN — scripts/scan-portfolio-engine-final-routes.mjs
----------------------------------------------------------------------

Final Portfolio Engine route scan passed.

No legacy, mock, placeholder or route-level portfolio calculation path was detected.

----------------------------------------------------------------------
RUN — scripts/verify-portfolio-engine-P1-1.mjs
----------------------------------------------------------------------

Portfolio Engine P1.1 verification passed.

Verified:
 - Canonical transaction contract
 - Portfolio snapshot contract
 - Holdings and lot contracts
 - Quote fallback contract
 - Dividend and income action support
 - Transaction action normalisation
 - Safe financial arithmetic
 - ASX and US security identity
 - Deterministic transaction ordering
 - No mock or placeholder portfolio data

----------------------------------------------------------------------
RUN — scripts/verify-portfolio-engine-P1-2.mjs
----------------------------------------------------------------------

Portfolio Engine P1.2 structural verification passed.

Verified:
 - Raw workbook/manual transaction boundary
 - Australian and ISO date normalisation
 - Excel serial date support
 - Canonical transaction normalisation
 - ASX and US currency inference
 - AUD and foreign-currency FX validation
 - Trade amount reconstruction
 - Corporate action ratio validation
 - Deterministic transaction IDs
 - Duplicate transaction rejection
 - Pending and cancelled transaction isolation
 - Raw source audit preservation
 - No mock or placeholder portfolio records

----------------------------------------------------------------------
RUN — scripts/verify-portfolio-engine-P1-3.mjs
----------------------------------------------------------------------

Portfolio Engine P1.3 structural verification passed.

Verified:
 - Deterministic transaction replay
 - Transaction-only position construction
 - Acquisition lot creation
 - Average-cost disposal calculations
 - FIFO disposal calculations
 - Realised gain and proceeds tracking
 - Oversell rejection
 - Transfer-in and transfer-out processing
 - Share split processing
 - Share consolidation processing
 - Return-of-capital cost-base reduction
 - Dividend and interest income tracking
 - Multi-currency cash movement tracking
 - Processed and rejected transaction audit
 - No mock or placeholder portfolio values

----------------------------------------------------------------------
RUN — scripts/verify-portfolio-engine-P1-4.mjs
----------------------------------------------------------------------

Portfolio Engine P1.4 structural verification passed.

Verified:
 - Canonical Portfolio Snapshot
 - Holdings generated from transaction replay
 - Totals generated from canonical holdings
 - Allocation generated from canonical holdings
 - Security weights generated from market value
 - Supplied quote support
 - Latest transaction-price fallback
 - Missing quote data-quality reporting
 - Holdings/totals reconciliation
 - Allocation/totals reconciliation
 - Portfolio value reconciliation
 - Raw and canonical engine entry points
 - Single Portfolio Engine facade
 - No mock portfolio values

----------------------------------------------------------------------
RUN — scripts/verify-portfolio-engine-P2-1.mjs
----------------------------------------------------------------------

Portfolio Engine P2.1 structural verification passed.

Verified:
 - Existing LedgerRow transaction adapter
 - Local and AUD amount resolution
 - Existing FX-rate derivation
 - ASX and US market inference
 - Portfolio Store transaction priority
 - Persisted ledger fallback
 - Transaction deduplication boundary
 - Canonical client Portfolio Snapshot hook
 - Canonical holdings compatibility mapping
 - Holdings market value selector
 - Holdings cost-base selector
 - Realised and unrealised gain selectors
 - Allocation selectors
 - No legacy holdings calculator in the new hook
 - No mock or placeholder portfolio values

----------------------------------------------------------------------
RUN — scripts/verify-portfolio-engine-P2-2.mjs
----------------------------------------------------------------------

Portfolio Engine P2.2 structural verification passed.

Verified:
 - Holdings uses a canonical Portfolio Engine hook
 - Base Portfolio Engine hook exists
 - Live Portfolio Engine hook exists
 - Canonical snapshot contract exists
 - Canonical holdings contract exists
 - Holdings market value is canonical
 - Holdings cost base is canonical
 - Holdings realised P/L is canonical
 - Holdings unrealised P/L is canonical
 - Holdings portfolio weight is canonical
 - Holdings selector layer is connected
 - Holding compatibility mapping is connected
 - Quote source is exposed
 - Quote fallback quality is exposed
 - Unavailable quote coverage is exposed
 - No legacy holdings calculator
 - No mock or placeholder portfolio values

----------------------------------------------------------------------
RUN — scripts/verify-portfolio-engine-P2-3.mjs
----------------------------------------------------------------------

Portfolio Engine P2.3 structural verification passed.

Verified:
 - Professional widgets read marketPriceAud
 - Professional widgets read marketValueAud
 - Professional widgets read costBaseAud
 - Professional widgets read averageCostAud
 - Professional widgets read canonical unrealised P/L
 - Professional widgets preserve canonical weights
 - Missing quotes remain unavailable
 - Cost base is not substituted as market value
 - Live quote status is preserved
 - Cached quote status is preserved
 - Previous-close quote status is preserved
 - Transaction fallback is labelled estimated
 - Historical dividends are not annualised
 - Future annual income uses explicit forecast fields only
 - Existing professional UI components remain unchanged
 - No mock portfolio values

----------------------------------------------------------------------
RUN — scripts/verify-portfolio-engine-P2-4.mjs
----------------------------------------------------------------------

Portfolio Engine P2.4 structural verification passed.

Verified:
 - Holdings uses an accepted Portfolio Engine hook
 - Holdings component structure discovered dynamically
 - Holdings support files discovered: 20
 - Canonical market price
 - Canonical market value
 - Canonical cost base
 - Canonical average cost
 - Canonical realised P/L
 - Canonical unrealised P/L
 - Canonical portfolio weight
 - Live quote status
 - Cached quote status
 - Previous-close quote status
 - Transaction fallback status
 - Unavailable quote coverage
 - Cost base is not substituted for market value
 - No legacy holdings calculator
 - No mock or placeholder values

----------------------------------------------------------------------
RUN — scripts/verify-portfolio-engine-P2-complete.mjs
----------------------------------------------------------------------

Complete Sprint P2 verification passed.

Verified:
 - P2.1 verifier exists
 - P2.2 verifier exists
 - P2.3 verifier exists
 - P2.4 verifier exists
 - Canonical transaction contract
 - Canonical Portfolio Snapshot contract
 - Canonical holding contract
 - Existing LedgerRow adapter
 - Portfolio Engine facade
 - Portfolio Snapshot totals
 - Portfolio Snapshot allocation
 - Portfolio reconciliation
 - Base Portfolio Engine hook
 - Live Portfolio Engine hook
 - Holdings route uses an accepted canonical hook
 - Holdings market value is canonical
 - Holdings cost base is canonical
 - Holdings realised P/L is canonical
 - Holdings unrealised P/L is canonical
 - Holdings weights are canonical
 - Quote source quality is exposed
 - Fallback quote quality is exposed
 - Unavailable quote coverage is exposed
 - Selector layer is connected
 - Holding compatibility mapping is connected
 - Cost base is not substituted for market value
 - No legacy Holdings calculator
 - No mock or placeholder values

----------------------------------------------------------------------
RUN — scripts/verify-portfolio-engine-P3-1.mjs
----------------------------------------------------------------------

Portfolio Engine P3.1 verification FAILED:

 - Unavailable provider quotes are not filtered before canonical valuation.

