RUN  — scripts/verify-portfolio-engine-P1-1.mjs

Portfolio Engine P1.1 verification passed.

Verified:
 - Canonical transaction contract
 - Portfolio snapshot contract
 - Holdings and lot contracts
 - Quote fallback contract
 - Dividend and income action support
 - Transaction action normalisation
 - Safe financial arithmetic
 - ASX and US security identity
 - Deterministic transaction ordering
 - No mock or placeholder portfolio data

RUN  — scripts/verify-portfolio-engine-P1-2.mjs

Portfolio Engine P1.2 structural verification passed.

Verified:
 - Raw workbook/manual transaction boundary
 - Australian and ISO date normalisation
 - Excel serial date support
 - Canonical transaction normalisation
 - ASX and US currency inference
 - AUD and foreign-currency FX validation
 - Trade amount reconstruction
 - Corporate action ratio validation
 - Deterministic transaction IDs
 - Duplicate transaction rejection
 - Pending and cancelled transaction isolation
 - Raw source audit preservation
 - No mock or placeholder portfolio records

RUN  — scripts/verify-portfolio-engine-P1-3.mjs

Portfolio Engine P1.3 structural verification passed.

Verified:
 - Deterministic transaction replay
 - Transaction-only position construction
 - Acquisition lot creation
 - Average-cost disposal calculations
 - FIFO disposal calculations
 - Realised gain and proceeds tracking
 - Oversell rejection
 - Transfer-in and transfer-out processing
 - Share split processing
 - Share consolidation processing
 - Return-of-capital cost-base reduction
 - Dividend and interest income tracking
 - Multi-currency cash movement tracking
 - Processed and rejected transaction audit
 - No mock or placeholder portfolio values

RUN  — scripts/verify-portfolio-engine-P1-4.mjs

Portfolio Engine P1.4 structural verification passed.

Verified:
 - Canonical Portfolio Snapshot
 - Holdings generated from transaction replay
 - Totals generated from canonical holdings
 - Allocation generated from canonical holdings
 - Security weights generated from market value
 - Supplied quote support
 - Latest transaction-price fallback
 - Missing quote data-quality reporting
 - Holdings/totals reconciliation
 - Allocation/totals reconciliation
 - Portfolio value reconciliation
 - Raw and canonical engine entry points
 - Single Portfolio Engine facade
 - No mock portfolio values

RUN  — scripts/portfolio-engine-P1-smoke.mjs

Portfolio Engine P1 smoke test passed.

The P1 transaction-to-snapshot pipeline is present.

RUN  — scripts/verify-portfolio-engine-P2-1.mjs

Portfolio Engine P2.1 structural verification passed.

Verified:
 - Existing LedgerRow transaction adapter
 - Local and AUD amount resolution
 - Existing FX-rate derivation
 - ASX and US market inference
 - Portfolio Store transaction priority
 - Persisted ledger fallback
 - Transaction deduplication boundary
 - Canonical client Portfolio Snapshot hook
 - Canonical holdings compatibility mapping
 - Holdings market value selector
 - Holdings cost-base selector
 - Realised and unrealised gain selectors
 - Allocation selectors
 - No legacy holdings calculator in the new hook
 - No mock or placeholder portfolio values

RUN  — scripts/verify-portfolio-engine-P2-2.mjs

Portfolio Engine P2.2 structural verification passed.

Verified:
 - Actual Holdings route replaced
 - Legacy holdings calculator removed from route
 - Direct localStorage loading removed from route
 - Direct Zustand transaction reading removed from route
 - Canonical snapshot hook connected
 - Canonical open holdings connected
 - Canonical closed holdings connected
 - Canonical market value connected
 - Canonical cost base connected
 - Canonical realised P/L connected
 - Canonical unrealised P/L connected
 - Canonical total return connected
 - Canonical portfolio weights connected
 - Quote source displayed
 - Unavailable prices are not presented as valid zero quotes
 - Professional holdings components receive a flat holdings array
 - Existing Holdings UI structure retained

RUN  — scripts/verify-portfolio-engine-P2-3.mjs

Portfolio Engine P2.3 structural verification passed.

Verified:
 - Professional widgets read marketPriceAud
 - Professional widgets read marketValueAud
 - Professional widgets read costBaseAud
 - Professional widgets read averageCostAud
 - Professional widgets read canonical unrealised P/L
 - Professional widgets preserve canonical weights
 - Missing quotes remain unavailable
 - Cost base is not substituted as market value
 - Live quote status is preserved
 - Cached quote status is preserved
 - Previous-close quote status is preserved
 - Transaction fallback is labelled estimated
 - Historical dividends are not annualised
 - Future annual income uses explicit forecast fields only
 - Existing professional UI components remain unchanged
 - No mock portfolio values

RUN  — scripts/verify-portfolio-engine-P2-4.mjs

Portfolio Engine P2.4 structural verification passed.

Verified:
 - Canonical holding compatibility adapter
 - Open holding adapter
 - Closed holding adapter
 - Application/canonical holding reconciliation
 - Market value reconciliation
 - Open cost-base reconciliation
 - Realised P/L reconciliation
 - Unrealised P/L reconciliation
 - Portfolio weight reconciliation
 - Allocation reconciliation
 - Holdings route uses canonical snapshot
 - Holdings route has no legacy calculator
 - Professional widgets use canonical valuation fields
 - Missing prices remain unavailable
 - Historical dividends are not forecast income
 - No mock portfolio values

RUN  — scripts/verify-portfolio-engine-P2-complete.mjs

Complete Sprint P2 verification passed.

The Holdings route, professional widgets and compatibility layer now consume the canonical Portfolio Engine.

