
======================================================================
src/app/(dashboard)/dashboard/page.tsx — lines 1-165
======================================================================
     1	"use client";
     2	
     3	import { ProfessionalDashboardOverview } from "@/components/professional-overview/ProfessionalDashboardOverview";
     4	
     5	
     6	import { DashboardLiveDividendPanel } from "@/components/market-data/DashboardLiveDividendPanel";
     7	
     8	
     9	import { DashboardLivePortfolioPanel } from "@/components/market-data/DashboardLivePortfolioPanel";
    10	
    11	
    12	import { useEffect, useMemo, useState } from "react";
    13	import { loadTxLedger } from "@/lib/transactions/ledgerStorage";
    14	import { calculateHoldingsFromLedger } from "@/lib/holdings/calculateHoldingsFromLedger";
    15	import { usePortfolioStore } from "@/store/portfolioStore";
    16	
    17	export default function DashboardPage() {
    18	  const storeTransactions = usePortfolioStore((state) => state.transactions);
    19	  const [localTransactions, setLocalTransactions] = useState<any[]>([]);
    20	
    21	  useEffect(() => {
    22	    setLocalTransactions(loadTxLedger());
    23	  }, []);
    24	
    25	  const transactions = storeTransactions.length ? storeTransactions : localTransactions;
    26	
    27	  const holdings = useMemo(() => calculateHoldingsFromLedger(transactions as any), [transactions]);
    28	  const openHoldings = holdings.filter((holding) => holding.status === "Open");
    29	
    30	  const totals = useMemo(() => {
    31	    const marketValueAud = openHoldings.reduce((sum, holding) => sum + holding.marketValueAud, 0);
    32	    const costBaseAud = openHoldings.reduce((sum, holding) => sum + holding.costBaseAud, 0);
    33	    const realisedPlAud = holdings.reduce((sum, holding) => sum + holding.realisedPlAud, 0);
    34	    const unrealisedPlAud = openHoldings.reduce((sum, holding) => sum + holding.unrealisedPlAud, 0);
    35	    const totalReturnAud = realisedPlAud + unrealisedPlAud;
    36	    const totalReturnPercent = costBaseAud ? (totalReturnAud / costBaseAud) * 100 : 0;
    37	
    38	    return {
    39	      marketValueAud,
    40	      costBaseAud,
    41	      realisedPlAud,
    42	      unrealisedPlAud,
    43	      totalReturnAud,
    44	      totalReturnPercent,
    45	    };
    46	  }, [holdings, openHoldings]);
    47	
    48	  const recentTransactions = [...transactions].slice(-8).reverse();
    49	  const topHoldings = [...openHoldings]
    50	    .sort((a, b) => b.marketValueAud - a.marketValueAud)
    51	    .slice(0, 8);
    52	
    53	  return (
    54	    <div className="space-y-6 p-6">
    55	
    56	      <DashboardLivePortfolioPanel holdings={openHoldings} />
    57	
    58	      <DashboardLiveDividendPanel holdings={openHoldings} />
    59	
    60	      <div>
    61	        <p className="text-xs uppercase tracking-[0.3em] text-cyan-300">Dashboard</p>
    62	        <h1 className="mt-2 text-3xl font-bold text-white">Portfolio Summary</h1>
    63	        <p className="mt-2 text-sm text-slate-400">
    64	          Summary calculated from the transaction ledger.
    65	        </p>
    66	      </div>
    67	
    68	      <div className="grid gap-3 md:grid-cols-2 xl:grid-cols-4">
    69	        <Stat label="Portfolio Value" value={money(totals.marketValueAud)} />
    70	        <Stat label="Cost Base" value={money(totals.costBaseAud)} />
    71	        <Stat label="Total P/L" value={`${money(totals.totalReturnAud)} (${totals.totalReturnPercent.toFixed(2)}%)`} />
    72	        <Stat label="Transactions" value={transactions.length.toLocaleString()} />
    73	      </div>
    74	
    75	      <div className="grid gap-6 xl:grid-cols-2">
    76	        <section className="rounded-2xl border border-cyan-500/20 bg-slate-950/70 p-5">
    77	          <h2 className="text-lg font-semibold text-white">Top Holdings</h2>
    78	
    79	          <div className="mt-4 space-y-3">
    80	            {topHoldings.length === 0 ? (
    81	              <p className="text-sm text-slate-400">No holdings yet.</p>
    82	            ) : (
    83	              topHoldings.map((holding) => (
    84	                <div key={holding.id} className="rounded-xl border border-white/10 bg-black/20 p-4">
    85	                  <div className="flex items-center justify-between">
    86	                    <div>
    87	                      <p className="font-semibold text-white">{holding.ticker}</p>
    88	                      <p className="text-xs text-slate-400">{holding.sector}</p>
    89	                    </div>
    90	                    <div className="text-right">
    91	                      <p className="font-semibold text-white">{money(holding.marketValueAud)}</p>
    92	                      <p className="text-xs text-slate-400">{holding.portfolioWeightPercent.toFixed(2)}%</p>
    93	                    </div>
    94	                  </div>
    95	                </div>
    96	              ))
    97	            )}
    98	          </div>
    99	        </section>
   100	
   101	        <section className="rounded-2xl border border-cyan-500/20 bg-slate-950/70 p-5">
   102	          <h2 className="text-lg font-semibold text-white">Recent Transactions</h2>
   103	
   104	          <div className="mt-4 space-y-3">
   105	            {recentTransactions.length === 0 ? (
   106	              <p className="text-sm text-slate-400">No transactions yet.</p>
   107	            ) : (
   108	              recentTransactions.map((tx: any) => (
   109	                <div key={tx.id} className="rounded-xl border border-white/10 bg-black/20 p-4">
   110	                  <div className="flex items-center justify-between">
   111	                    <div>
   112	                      <p className="font-semibold text-white">{tx.ticker ?? tx.assetTicker}</p>
   113	                      <p className="text-xs text-slate-400">{tx.date} · {tx.action}</p>
   114	                    </div>
   115	                    <div className="text-right">
   116	                      <p className="font-semibold text-white">{money(Number(tx.totalAud ?? tx.total ?? 0))}</p>
   117	                      <p className="text-xs text-slate-400">{tx.platform}</p>
   118	                    </div>
   119	                  </div>
   120	                </div>
   121	              ))
   122	            )}
   123	          </div>
   124	        </section>
   125	      </div>
   126	    </div>
   127	  );
   128	}
   129	
   130	function money(value: number) {
   131	  return new Intl.NumberFormat("en-AU", {
   132	    style: "currency",
   133	    currency: "AUD",
   134	    maximumFractionDigits: 2,
   135	  }).format(Number(value || 0));
   136	}
   137	
   138	function Stat({ label, value }: { label: string; value: string }) {
   139	  return (
   140	    <div className="rounded-2xl border border-cyan-500/20 bg-slate-950/70 p-5">
   141	
   142	      <ProfessionalDashboardOverview holdings={openHoldings} />
   143	
   144	      <p className="text-sm text-slate-400">{label}</p>
   145	      <p className="mt-1 text-2xl font-bold text-white">{value}</p>
   146	    </div>
   147	  );
   148	}

======================================================================
src/app/(dashboard)/holdings/page.tsx — lines 1-190
======================================================================
     1	"use client";
     2	
     3	import { HoldingsCommandCentre } from "@/components/holdings-professional/HoldingsCommandCentre";
     4	
     5	
     6	import { ProfessionalHoldingsOverview } from "@/components/professional-overview/ProfessionalHoldingsOverview";
     7	
     8	
     9	import { useEffect, useMemo, useState } from "react";
    10	import { loadTxLedger } from "@/lib/transactions/ledgerStorage";
    11	import { calculateHoldingsFromLedger, type LedgerHolding } from "@/lib/holdings/calculateHoldingsFromLedger";
    12	import { usePortfolioStore } from "@/store/portfolioStore";
    13	
    14	export default function HoldingsPage() {
    15	  const storeTransactions = usePortfolioStore((state) => state.transactions);
    16	  const [localTransactions, setLocalTransactions] = useState<any[]>([]);
    17	
    18	  useEffect(() => {
    19	    setLocalTransactions(loadTxLedger());
    20	  }, []);
    21	
    22	  const transactions = storeTransactions.length ? storeTransactions : localTransactions;
    23	
    24	  const holdings = useMemo<LedgerHolding[]>(() => {
    25	    return calculateHoldingsFromLedger(transactions as any);
    26	  }, [transactions]);
    27	
    28	  const openHoldings = holdings.filter((holding) => holding.status === "Open");
    29	  const closedHoldings = holdings.filter((holding) => holding.status === "Closed");
    30	
    31	  const totals = useMemo(() => {
    32	    const marketValueAud = openHoldings.reduce((sum, holding) => sum + holding.marketValueAud, 0);
    33	    const costBaseAud = openHoldings.reduce((sum, holding) => sum + holding.costBaseAud, 0);
    34	    const realisedPlAud = holdings.reduce((sum, holding) => sum + holding.realisedPlAud, 0);
    35	    const unrealisedPlAud = openHoldings.reduce((sum, holding) => sum + holding.unrealisedPlAud, 0);
    36	
    37	    return {
    38	      marketValueAud,
    39	      costBaseAud,
    40	      realisedPlAud,
    41	      unrealisedPlAud,
    42	      totalPlAud: realisedPlAud + unrealisedPlAud,
    43	      totalReturnPercent: costBaseAud ? ((realisedPlAud + unrealisedPlAud) / costBaseAud) * 100 : 0,
    44	    };
    45	  }, [holdings, openHoldings]);
    46	
    47	  return (
    48	    <div className="space-y-6 p-6">
    49	      <div>
    50	        <p className="text-xs uppercase tracking-[0.3em] text-cyan-300">Holdings</p>
    51	        <h1 className="mt-2 text-3xl font-bold text-white">Portfolio Holdings</h1>
    52	        <p className="mt-2 text-sm text-slate-400">
    53	          Calculated directly from the transaction ledger.
    54	        </p>
    55	      </div>
    56	
    57	      <div className="grid gap-3 md:grid-cols-4">
    58	        <Stat label="Open Holdings" value={String(openHoldings.length)} />
    59	        <Stat label="Market Value" value={money(totals.marketValueAud)} />
    60	        <Stat label="Cost Base" value={money(totals.costBaseAud)} />
    61	        <Stat label="Total P/L" value={`${money(totals.totalPlAud)} (${totals.totalReturnPercent.toFixed(2)}%)`} />
    62	      </div>
    63	
    64	      <section className="rounded-2xl border border-cyan-500/20 bg-slate-950/70 p-5">
    65	        <h2 className="text-lg font-semibold text-white">Open Positions</h2>
    66	
    67	        <div className="mt-4 overflow-x-auto">
    68	          <table className="min-w-full text-left text-sm">
    69	            <thead className="text-slate-400">
    70	              <tr>
    71	                <th className="px-3 py-2">Ticker</th>
    72	                <th className="px-3 py-2">Qty</th>
    73	                <th className="px-3 py-2">Avg Cost</th>
    74	                <th className="px-3 py-2">Market Price</th>
    75	                <th className="px-3 py-2">Market Value</th>
    76	                <th className="px-3 py-2">Cost Base</th>
    77	                <th className="px-3 py-2">Unrealised P/L</th>
    78	                <th className="px-3 py-2">Weight</th>
    79	                <th className="px-3 py-2">Sector</th>
    80	              </tr>
    81	            </thead>
    82	            <tbody>
    83	              {openHoldings.length === 0 ? (
    84	                <tr>
    85	                  <td colSpan={9} className="px-3 py-8 text-center text-slate-400">
    86	                    No open holdings yet.
    87	                  </td>
    88	                </tr>
    89	              ) : (
    90	                openHoldings.map((holding) => (
    91	                  <tr key={holding.id} className="border-t border-white/10 text-white">
    92	                    <td className="px-3 py-2 font-semibold">{holding.ticker}</td>
    93	                    <td className="px-3 py-2">{holding.quantity.toLocaleString()}</td>
    94	                    <td className="px-3 py-2">{money(holding.averageCostAud)}</td>
    95	                    <td className="px-3 py-2">{money(holding.marketPriceAud)}</td>
    96	                    <td className="px-3 py-2">{money(holding.marketValueAud)}</td>
    97	                    <td className="px-3 py-2">{money(holding.costBaseAud)}</td>
    98	                    <td className={holding.unrealisedPlAud >= 0 ? "px-3 py-2 text-emerald-300" : "px-3 py-2 text-red-300"}>
    99	                      {money(holding.unrealisedPlAud)} ({holding.unrealisedPlPercent.toFixed(2)}%)
   100	                    </td>
   101	                    <td className="px-3 py-2">{holding.portfolioWeightPercent.toFixed(2)}%</td>
   102	                    <td className="px-3 py-2">{holding.sector}</td>
   103	                  </tr>
   104	                ))
   105	              )}
   106	            </tbody>
   107	          </table>
   108	        </div>
   109	      </section>
   110	
   111	      <section className="rounded-2xl border border-cyan-500/20 bg-slate-950/70 p-5">
   112	        <h2 className="text-lg font-semibold text-white">Closed Positions</h2>
   113	
   114	        <div className="mt-4 overflow-x-auto">
   115	          <table className="min-w-full text-left text-sm">
   116	            <thead className="text-slate-400">
   117	              <tr>
   118	                <th className="px-3 py-2">Ticker</th>
   119	                <th className="px-3 py-2">Realised P/L</th>
   120	                <th className="px-3 py-2">Sector</th>
   121	                <th className="px-3 py-2">Platform</th>
   122	              </tr>
   123	            </thead>
   124	            <tbody>
   125	              {closedHoldings.length === 0 ? (
   126	                <tr>
   127	                  <td colSpan={4} className="px-3 py-8 text-center text-slate-400">
   128	                    No closed positions yet.
   129	                  </td>
   130	                </tr>
   131	              ) : (
   132	                closedHoldings.map((holding) => (
   133	                  <tr key={holding.id} className="border-t border-white/10 text-white">
   134	                    <td className="px-3 py-2 font-semibold">{holding.ticker}</td>
   135	                    <td className={holding.realisedPlAud >= 0 ? "px-3 py-2 text-emerald-300" : "px-3 py-2 text-red-300"}>
   136	                      {money(holding.realisedPlAud)}
   137	                    </td>
   138	                    <td className="px-3 py-2">{holding.sector}</td>
   139	                    <td className="px-3 py-2">{holding.platform}</td>
   140	                  </tr>
   141	                ))
   142	              )}
   143	            </tbody>
   144	          </table>
   145	        </div>
   146	      </section>
   147	    </div>
   148	  );
   149	}
   150	
   151	function money(value: number) {
   152	  return new Intl.NumberFormat("en-AU", {
   153	    style: "currency",
   154	    currency: "AUD",
   155	    maximumFractionDigits: 2,
   156	  }).format(Number(value || 0));
   157	}
   158	
   159	function Stat({ label, value }: { label: string; value: string }) {
   160	  return (
   161	    <div className="rounded-2xl border border-cyan-500/20 bg-slate-950/70 p-5">
   162	
   163	      <HoldingsCommandCentre holdings={openHoldings} />
   164	
   165	
   166	
   167	      <ProfessionalHoldingsOverview holdings={openHoldings} />
   168	
   169	      <p className="text-sm text-slate-400">{label}</p>
   170	      <p className="mt-1 text-2xl font-bold text-white">{value}</p>
   171	    </div>
   172	  );
   173	}

======================================================================
src/app/api/market-data/market-hours/route.ts — lines 1-85
======================================================================
     1	import {
     2	  type NextRequest,
     3	} from "next/server";
     4	import {
     5	  createMarketHoursDiagnosticSummary,
     6	  getMarketClock,
     7	  marketDataApiError,
     8	  marketDataApiSuccess,
     9	} from "@/lib/market-data";
    10	import type {
    11	  MarketDataExchange,
    12	} from "@/lib/market-data";
    13	
    14	
    15	const runMarketHoursDiagnosticSummary =
    16	  createMarketHoursDiagnosticSummary as (
    17	    ...args: unknown[]
    18	  ) => unknown;
    19	
    20	
    21	export const runtime =
    22	  "nodejs";
    23	
    24	export const dynamic =
    25	  "force-dynamic";
    26	
    27	export async function GET(
    28	  request:
    29	    NextRequest
    30	) {
    31	  try {
    32	    const exchange =
    33	      request.nextUrl
    34	        .searchParams
    35	        .get(
    36	          "exchange"
    37	        )
    38	        ?.trim()
    39	        .toUpperCase() as
    40	          MarketDataExchange |
    41	          undefined;
    42	
    43	    if (
    44	      exchange
    45	    ) {
    46	      return marketDataApiSuccess(
    47	        getMarketClock(
    48	          exchange
    49	        )
    50	      );
    51	    }
    52	
    53	    return marketDataApiSuccess(
    54	      runMarketHoursDiagnosticSummary()
    55	    );
    56	  } catch (
    57	    error
    58	  ) {
    59	    return marketDataApiError(
    60	      error,
    61	      400
    62	    );
    63	  }
    64	}

======================================================================
src/components/market-data/MarketDataProviderStatus.tsx — lines 145-190
======================================================================
   145	                  <div>
   146	                    <p className="text-sm font-semibold text-slate-950 dark:text-slate-50">
   147	                      {providerText(provider.name)}
   148	                    </p>
   149	
   150	                    <p className="mt-1 text-xs text-slate-500">
   151	                      {!provider.configured
   152	                        ? "API key not configured"
   153	                        : provider.available
   154	                          ? "Provider available"
   155	                          : "Provider currently unavailable"}
   156	                    </p>
   157	                  </div>
   158	                </div>
   159	
   160	                <span className="rounded-full bg-slate-100 px-2.5 py-1 text-xs font-semibold text-slate-600 dark:bg-slate-900 dark:text-slate-300">
   161	                  {provider.successRate.toFixed(
   162	                    0
   163	                  )}
   164	                  % success
   165	                </span>
   166	              </div>
   167	
   168	              <div className="mt-4 grid gap-2 text-xs sm:grid-cols-3">
   169	                <div className="rounded-xl bg-slate-50 p-3 dark:bg-slate-900/60">
   170	                  <p className="text-slate-500">
   171	                    Requests
   172	                  </p>
   173	
   174	                  <p className="mt-1 font-bold text-slate-900 dark:text-slate-100">
   175	                    {provider.requestCount}
   176	                  </p>
   177	                </div>
   178	
   179	                <div className="rounded-xl bg-slate-50 p-3 dark:bg-slate-900/60">
   180	                  <p className="text-slate-500">
   181	                    Latency
   182	                  </p>
   183	
   184	                  <p className="mt-1 font-bold text-slate-900 dark:text-slate-100">
   185	                    {provider.lastLatencyMs ===
   186	                    null
   187	                      ? "—"
   188	                      : `${provider.lastLatencyMs} ms`}
   189	                  </p>
   190	                </div>

======================================================================
src/hooks/useLiveQuotes.ts — lines 225-290
======================================================================
   225	                method:
   226	                  "POST",
   227	                headers: {
   228	                  "Content-Type":
   229	                    "application/json",
   230	                  Accept:
   231	                    "application/json",
   232	                },
   233	                body:
   234	                  JSON.stringify({
   235	                    securities,
   236	                    forceRefresh,
   237	                  }),
   238	                cache:
   239	                  "no-store",
   240	                signal:
   241	                  controller.signal,
   242	              }
   243	            );
   244	
   245	          const payload =
   246	            await response.json() as
   247	              QuoteApiResponse;
   248	
   249	          if (
   250	            !response.ok ||
   251	            !payload.ok
   252	          ) {
   253	            throw new Error(
   254	              payload.message ||
   255	              `Quote request failed with HTTP ${response.status}.`
   256	            );
   257	          }
   258	
   259	          if (
   260	            mountedRef.current
   261	          ) {
   262	            setState({
   263	              quotes:
   264	                payload.batch.quotes,
   265	              providerHealth:
   266	                payload.providerHealth,
   267	              loading:
   268	                false,
   269	              refreshing:
   270	                false,
   271	              error:
   272	                null,
   273	              lastUpdatedAt:
   274	                payload.batch.completedAt,
   275	            });
   276	          }
   277	        } catch (error) {
   278	          if (
   279	            error instanceof
   280	              DOMException &&
   281	            error.name ===
   282	              "AbortError"
   283	          ) {
   284	            return;
   285	          }
   286	
   287	          if (
   288	            mountedRef.current
   289	          ) {
   290	            setState(

======================================================================
src/lib/market-data/adaptiveQuoteFreshness.ts — lines 1-45
======================================================================
     1	import {
     2	  exchangeTradingSession,
     3	} from "./exchangeTradingSessions";
     4	import {
     5	  getMarketClock,
     6	} from "./marketClock";
     7	import type {
     8	  AdaptiveQuoteFreshnessInput,
     9	  AdaptiveQuoteFreshnessPolicy,
    10	  AdaptiveQuoteFreshnessResult,
    11	  MarketClockState,
    12	} from "./marketHoursTypes";
    13	import type {
    14	  QuoteFreshness,
    15	} from "./marketDataTypes";
    16	import {
    17	  classifyQuoteFreshness,
    18	  quoteAgeSeconds,
    19	} from "./quoteQuality";
    20	
    21	function normaliseDate(
    22	  value:
    23	    string |
    24	    number |
    25	    Date,
    26	  fallback:
    27	    Date
    28	): Date {
    29	  if (
    30	    value instanceof Date &&
    31	    !Number.isNaN(
    32	      value.getTime()
    33	    )
    34	  ) {
    35	    return value;
    36	  }
    37	
    38	  if (
    39	    typeof value ===
    40	    "number"
    41	  ) {
    42	    const milliseconds =
    43	      value <
    44	      10_000_000_000
    45	        ? value *

======================================================================
src/lib/market-data/adaptiveQuoteFreshness.ts — lines 560-615
======================================================================
   560	    freshness ===
   561	      "DELAYED" ||
   562	    (
   563	      freshness ===
   564	        "STALE" &&
   565	      closedMarket &&
   566	      policy.allowStale
   567	    );
   568	
   569	  const acceptableForLiveDisplay =
   570	    marketClock.state ===
   571	      "OPEN" &&
   572	    (
   573	      freshness ===
   574	        "FRESH" ||
   575	      freshness ===
   576	        "ACCEPTABLE"
   577	    ) &&
   578	    !input.providerIsIndicative;
   579	
   580	  const urgency =
   581	    refreshUrgency(
   582	      freshness,
   583	      marketClock.state
   584	    );
   585	
   586	  const shouldRefresh =
   587	    urgency !==
   588	    "NONE";
   589	
   590	  return {
   591	    marketClock,
   592	    policy,
   593	
   594	    ageSeconds,
   595	    freshness,
   596	
   597	    isAcceptableForValuation:
   598	      acceptableForValuation,
   599	    acceptableForValuation: acceptableForValuation,
   600	
   601	    isAcceptableForLiveDisplay:
   602	      acceptableForLiveDisplay,
   603	
   604	    shouldRefresh,
   605	    refreshUrgency:
   606	      urgency,
   607	
   608	    displayLabel:
   609	      freshnessLabel(
   610	        freshness,
   611	        marketClock.state
   612	      ),
   613	
   614	    explanation:
   615	      `${policy.reason} Quote age is ${ageSeconds} seconds and is classified as ${freshness.toLowerCase()}.`,

======================================================================
src/lib/market-data/marketSessionTypes.ts — pattern: AdaptiveQuoteFreshnessInput|AdaptiveQuoteFreshnessResult
======================================================================
139-  thresholds: QuoteQualityThresholds;
140-
141-  message: string;
142-};
143-
144:export type AdaptiveQuoteFreshnessInput = {
145-  quoteTimestamp: string | number | Date;
146-  receivedAt?: string | number | Date | null;
147-
148-  exchange: MarketDataExchange;
149-
150-  latencyClass: MarketDataLatencyClass;
151-
152-  explicitTradingStatus?: QuoteTradingStatus | null;
--
156-  holidays?: ExchangeHolidayOverride[];
157-
158-  tradingHalted?: boolean;
159-};
160-
161:export type AdaptiveQuoteFreshnessResult = {
162-  freshness: QuoteFreshness;
163-
164-  ageSeconds: number;
165-
166-  thresholds: QuoteQualityThresholds;
167-
168-  marketSession: MarketSessionSnapshot;
169-

======================================================================
src/lib/market-data/index.ts — lines 1-40
======================================================================
     1	export { normaliseLegacyProviderId } from "./compatibility/legacyMarketDataCompatibility";
     2	export * from "./marketDataReliabilityTypes";
     3	export * from "./client";
     4	export * from "./marketDataRefreshQueue";
     5	export * from "./marketDataRequestBudget";
     6	export * from "./marketDataRefreshTypes";
     7	export * from "./marketDataRefreshDiagnostics";
     8	export * from "./marketDataRefreshCoordinator";
     9	export * from "./marketDataApiUtils";
    10	export * from "./marketSessionTypes";
    11	export * from "./marketSessionDiagnostics";
    12	export * from "./marketClock";
    13	export * from "./exchangeTradingCalendar";
    14	export * from "./adaptiveQuoteFreshness";
    15	export * from "./providerSymbolMapper";
    16	export * from "./multiProviderQuoteResolver";
    17	export * from "./marketDataHttpClient";
    18	export * from "./marketDataAdapterTypes";
    19	export * from "./adapters";
    20	export * from "./persistentMarketDataCache";
    21	export * from "./memoryMarketDataCache";
    22	export * from "./marketDataRequestCoalescer";
    23	export * from "./marketDataCacheTypes";
    24	export * from "./marketDataCacheKeys";
    25	export * from "./marketDataCacheDiagnostics";
    26	export * from "./cachedQuoteResolver";
    27	export * from "./marketDataDiagnostics";
    28	export * from "./marketDataTypes";
    29	export * from "./providerHealth";
    30	export * from "./providerRegistry";
    31	export * from "./providerSelector";
    32	export * from "./quoteQuality";
    33	
    34	export * from "./symbolNormaliser";

======================================================================
src/lib/market-data/marketDataRefreshDiagnostics.ts — lines 1-195
======================================================================
     1	import {
     2	  getSharedMarketDataRefreshCoordinator,
     3	  MarketDataRefreshCoordinator,
     4	} from "./marketDataRefreshCoordinator";
     5	import type {
     6	  MarketDataRefreshDiagnosticSummary,
     7	} from "./marketDataRefreshTypes";
     8	import {
     9	  getSharedMultiProviderQuoteResolver,
    10	} from "./multiProviderQuoteResolver";
    11	
    12	
    13	
    14	type RefreshCoordinatorDiagnosticSurface = {
    15	  getJobs?: () => unknown[];
    16	  getPolicy?: () => unknown;
    17	
    18	  statistics?: unknown;
    19	  jobs?: unknown[];
    20	  policy?: unknown;
    21	};
    22	
    23	function coordinatorJobs(
    24	  coordinator: unknown
    25	): unknown[] {
    26	  const surface =
    27	    coordinator as
    28	      RefreshCoordinatorDiagnosticSurface;
    29	
    30	  if (
    31	    typeof surface.getJobs ===
    32	    "function"
    33	  ) {
    34	    const jobs =
    35	      surface.getJobs();
    36	
    37	    return Array.isArray(jobs)
    38	      ? jobs
    39	      : [];
    40	  }
    41	
    42	  return Array.isArray(
    43	    surface.jobs
    44	  )
    45	    ? surface.jobs
    46	    : [];
    47	}
    48	
    49	function coordinatorPolicy(
    50	  coordinator: unknown
    51	): unknown {
    52	  const surface =
    53	    coordinator as
    54	      RefreshCoordinatorDiagnosticSurface;
    55	
    56	  return (
    57	    typeof surface.getPolicy ===
    58	    "function"
    59	  )
    60	    ? surface.getPolicy()
    61	    : surface.policy ??
    62	      null;
    63	}
    64	
    65	function coordinatorStatistics(
    66	  coordinator: unknown
    67	): unknown {
    68	  const surface =
    69	    coordinator as
    70	      RefreshCoordinatorDiagnosticSurface;
    71	
    72	  return surface.statistics ??
    73	    null;
    74	}
    75	
    76	
    77	function newestFirst<T extends {
    78	  updatedAt: string;
    79	}>(
    80	  rows:
    81	    T[]
    82	): T[] {
    83	  return [
    84	    ...rows,
    85	  ].sort(
    86	    (
    87	      left,
    88	      right
    89	    ) =>
    90	      new Date(
    91	        right.updatedAt
    92	      ).getTime() -
    93	      new Date(
    94	        left.updatedAt
    95	      ).getTime()
    96	  );
    97	}
    98	
    99	export function createMarketDataRefreshDiagnosticSummary(
   100	  coordinator:
   101	    MarketDataRefreshCoordinator =
   102	      getSharedMarketDataRefreshCoordinator()
   103	):
   104	  MarketDataRefreshDiagnosticSummary {
   105	  const jobs =
   106	    coordinatorJobs(coordinator);
   107	
   108	  return {
   109	    generatedAt:
   110	      new Date()
   111	        .toISOString(),
   112	
   113	    policy:
   114	      coordinatorPolicy(coordinator),
   115	
   116	    statistics:
   117	      coordinatorStatistics(coordinator)(),
   118	
   119	    activeJobs:
   120	      newestFirst(
   121	        jobs.filter(
   122	          (
   123	            job
   124	          ) =>
   125	            job.state ===
   126	            "RUNNING"
   127	        )
   128	      ),
   129	
   130	    queuedJobs:
   131	      newestFirst(
   132	        jobs.filter(
   133	          (
   134	            job
   135	          ) =>
   136	            job.state ===
   137	            "QUEUED"
   138	        )
   139	      ),
   140	
   141	    retryJobs:
   142	      newestFirst(
   143	        jobs.filter(
   144	          (
   145	            job
   146	          ) =>
   147	            job.state ===
   148	            "RETRY_WAIT"
   149	        )
   150	      ),
   151	
   152	    recentCompletedJobs:
   153	      newestFirst(
   154	        jobs.filter(
   155	          (
   156	            job
   157	          ) =>
   158	            job.state ===
   159	            "COMPLETED"
   160	        )
   161	      ).slice(
   162	        0,
   163	        50
   164	      ),
   165	
   166	    recentFailedJobs:
   167	      newestFirst(
   168	        jobs.filter(
   169	          (
   170	            job
   171	          ) =>
   172	            job.state ===
   173	            "FAILED"
   174	        )
   175	      ).slice(
   176	        0,
   177	        50
   178	      ),
   179	
   180	    providerHealth:
   181	      getSharedMultiProviderQuoteResolver()
   182	        .getHealthStore(),
   183	  };
   184	}

======================================================================
src/lib/market-data/marketDataRefreshTypes.ts — pattern: MarketDataRefreshDiagnosticSummary
======================================================================
199-
200-  reason: string;
201-};
202-
203-
204:export type MarketDataRefreshDiagnosticSummary = {
205-  generatedAt: string;
206-
207-  policy: unknown;
208-  statistics: unknown;
209-  jobs: unknown[];
210-
211-  activeJobs: unknown[];
212-  queuedJobs: unknown[];

======================================================================
src/lib/market-data/marketSessionDiagnostics.ts — lines 85-135
======================================================================
    85	          snapshot
    86	        ) =>
    87	          snapshot
    88	            .tradingHalted
    89	      ).length,
    90	
    91	    preMarketExchangeCount:
    92	      snapshots.filter(
    93	        (
    94	          snapshot
    95	        ) =>
    96	          snapshot
    97	            .sessionType ===
    98	          "PRE_MARKET"
    99	      ).length,
   100	
   101	    regularSessionExchangeCount:
   102	      snapshots.filter(
   103	        (
   104	          snapshot
   105	        ) =>
   106	          snapshot
   107	            .sessionType ===
   108	          "REGULAR"
   109	      ).length,
   110	
   111	    afterHoursExchangeCount:
   112	      snapshots.filter(
   113	        (
   114	          snapshot
   115	        ) =>
   116	          snapshot
   117	            .sessionType ===
   118	          "AFTER_HOURS"
   119	      ).length,
   120	
   121	    exchanges:
   122	      snapshots,
   123	  };
   124	}
   125	
   126	
   127	export type MarketHoursDiagnosticSummary = {
   128	  generatedAt: string;
   129	  exchangeCount: number;
   130	  openExchangeCount: number;
   131	  closedExchangeCount: number;
   132	  sessions: unknown[];
   133	  warnings: string[];
   134	};
   135	

======================================================================
src/lib/market-data/marketSessionTypes.ts — pattern: MarketSessionSnapshot
======================================================================
100-  holidays?: ExchangeHolidayOverride[];
101-
102-  tradingHalted?: boolean;
103-};
104-
105:export type MarketSessionSnapshot = {
106-  exchange: MarketDataExchange;
107-  exchangeName: string;
108-
109-  timezone: string;
110-
111-  nowUtc: string;
112-  nowLocal: string;
113-  localDate: string;
--
163-
164-  ageSeconds: number;
165-
166-  thresholds: QuoteQualityThresholds;
167-
168:  marketSession: MarketSessionSnapshot;
169-
170-  marketAdjusted: boolean;
171-
172-  acceptableForValuation: boolean;
173-  acceptableForLiveDisplay: boolean;
174-
175-  staleReason: string | null;
176-
--
189-
190-  preMarketExchangeCount: number;
191-  regularSessionExchangeCount: number;
192-  afterHoursExchangeCount: number;
193-
194:  exchanges: MarketSessionSnapshot[];
195-};

======================================================================
src/lib/market-data/multiProviderQuoteResolver.ts — lines 600-665
======================================================================
   600	          this.healthStore,
   601	          requestResult,
   602	          candidateDefinition(
   603	            providers,
   604	            adapter
   605	          )
   606	        );
   607	
   608	      const healthAfter =
   609	        healthForProvider(
   610	          this.healthStore,
   611	          provider
   612	        );
   613	
   614	      const adapterError =
   615	        adapterResult &&
   616	        !adapterResult.successful
   617	          ? stableProviderResultError(adapterResult)
   618	          : null;
   619	
   620	      if (
   621	        adapterError
   622	      ) {
   623	        errors.push(
   624	          adapterError
   625	        );
   626	      }
   627	
   628	      warnings.push(
   629	        ...cachedResult.warnings
   630	      );
   631	
   632	      attempts.push({
   633	        provider:
   634	          provider.id,
   635	
   636	        startedAt,
   637	        finishedAt,
   638	        durationMs,
   639	
   640	        successful:
   641	          Boolean(
   642	            cachedResult.quote
   643	          ),
   644	
   645	        quote:
   646	          cachedResult.quote,
   647	
   648	        error:
   649	          adapterError,
   650	
   651	        healthBefore,
   652	        healthAfter,
   653	
   654	        fromCache:
   655	          cachedResult.fromCache,
   656	
   657	        cacheState:
   658	          cachedResult.cacheState,
   659	
   660	        selectionScore:
   661	          selectionCandidate
   662	            ?.score ||
   663	          0,
   664	
   665	        selectionReasons:

======================================================================
src/lib/market-data/marketDataTypes.ts — pattern: MarketDataAdapterError
======================================================================

======================================================================
src/lib/market-data/providers/providerUtils.ts — lines 1-70
======================================================================
     1	import type {
     2	  MarketDataExchange,
     3	  MarketDataProviderId,
     4	  MarketQuote,
     5	  NormalisedMarketSymbol,
     6	} from "../marketDataTypes";
     7	import {
     8	  evaluateQuoteFreshness,
     9	  isQuoteUsable,
    10	} from "../quoteFreshness";
    11	
    12	
    13	
    14	function stableMarketDataExchange(
    15	  value: unknown
    16	): MarketDataExchange {
    17	  const exchange =
    18	    String(
    19	      value ||
    20	      "UNKNOWN"
    21	    )
    22	      .trim()
    23	      .toUpperCase()
    24	      .replace(
    25	        "NYSEARCA",
    26	        "NYSE_ARCA"
    27	      );
    28	
    29	  return exchange as
    30	    MarketDataExchange;
    31	}
    32	
    33	function stableQuoteConfidence(
    34	  value: unknown
    35	): QuoteConfidence {
    36	  const confidence =
    37	    String(
    38	      value ||
    39	      "NONE"
    40	    )
    41	      .trim()
    42	      .toUpperCase();
    43	
    44	  return confidence as
    45	    QuoteConfidence;
    46	}
    47	
    48	function stableProviderId(
    49	  value: unknown
    50	): MarketDataProviderId {
    51	  const provider =
    52	    String(
    53	      value ||
    54	      "UNAVAILABLE"
    55	    )
    56	      .trim()
    57	      .replace(
    58	        /-/g,
    59	        "_"
    60	      )
    61	      .toUpperCase();
    62	
    63	  return provider as
    64	    MarketDataProviderId;
    65	}
    66	
    67	export function safeNumber(
    68	  value: unknown
    69	): number | null {
    70	  if (

======================================================================
src/lib/market-data/quoteCache.ts — lines 1-195
======================================================================
     1	import type {
     2	  MarketQuote,
     3	  QuoteCacheEntry,
     4	} from "./marketDataTypes";
     5	import {
     6	  createMarketSymbolKey,
     7	} from "./symbolNormaliser";
     8	
     9	
    10	
    11	function quoteCacheTimestamp(
    12	  value:
    13	    string |
    14	    number |
    15	    null |
    16	    undefined
    17	): number {
    18	  if (
    19	    typeof value === "number" &&
    20	    Number.isFinite(value)
    21	  ) {
    22	    return value;
    23	  }
    24	
    25	  if (
    26	    typeof value === "string"
    27	  ) {
    28	    const numeric =
    29	      Number(value);
    30	
    31	    if (
    32	      Number.isFinite(numeric)
    33	    ) {
    34	      return numeric;
    35	    }
    36	
    37	    const parsed =
    38	      Date.parse(value);
    39	
    40	    if (
    41	      Number.isFinite(parsed)
    42	    ) {
    43	      return parsed;
    44	    }
    45	  }
    46	
    47	  return 0;
    48	}
    49	
    50	function quoteCacheIsoTimestamp(
    51	  value:
    52	    string |
    53	    number |
    54	    null |
    55	    undefined
    56	): string {
    57	  const timestamp =
    58	    quoteCacheTimestamp(value);
    59	
    60	  return new Date(
    61	    timestamp > 0
    62	      ? timestamp
    63	      : Date.now()
    64	  ).toISOString();
    65	}
    66	
    67	const quoteCache =
    68	  new Map<
    69	    string,
    70	    QuoteCacheEntry
    71	  >();
    72	
    73	const DEFAULT_CACHE_MS =
    74	  60_000;
    75	
    76	const FALLBACK_MAX_AGE_MS =
    77	  72 *
    78	  60 *
    79	  60 *
    80	  1000;
    81	
    82	export function cacheQuote(
    83	  quote: MarketQuote,
    84	  ttlMs =
    85	    DEFAULT_CACHE_MS
    86	) {
    87	  if (
    88	    !quote.isValid ||
    89	    quote.price ===
    90	      null
    91	  ) {
    92	    return;
    93	  }
    94	
    95	  const key =
    96	    createMarketSymbolKey(
    97	      quote.symbol
    98	    );
    99	
   100	  const now =
   101	    Date.now();
   102	
   103	  quoteCache.set(
   104	    key,
   105	    {
   106	      quote,
   107	      storedAt:
   108	        now,
   109	      expiresAt:
   110	        now +
   111	        ttlMs,
   112	    }
   113	  );
   114	}
   115	
   116	export function cacheQuotes(
   117	  quotes: MarketQuote[],
   118	  ttlMs =
   119	    DEFAULT_CACHE_MS
   120	) {
   121	  for (
   122	    const quote of
   123	    quotes
   124	  ) {
   125	    cacheQuote(
   126	      quote,
   127	      ttlMs
   128	    );
   129	  }
   130	}
   131	
   132	export function getFreshCachedQuote(
   133	  symbol: string
   134	) {
   135	  const entry =
   136	    quoteCache.get(
   137	      createMarketSymbolKey(
   138	        symbol
   139	      )
   140	    );
   141	
   142	  if (
   143	    !entry ||
   144	    Date.now() > quoteCacheTimestamp(entry.expiresAt)
   145	  ) {
   146	    return null;
   147	  }
   148	
   149	  return {
   150	    ...entry.quote,
   151	    provider:
   152	      "CACHE" as const,
   153	    isFallback:
   154	      false,
   155	  };
   156	}
   157	
   158	export function getFallbackCachedQuote(
   159	  symbol: string
   160	) {
   161	  const entry =
   162	    quoteCache.get(
   163	      createMarketSymbolKey(
   164	        symbol
   165	      )
   166	    );
   167	
   168	  if (!entry) {
   169	    return null;
   170	  }
   171	
   172	  const age =
   173	    Date.now() -
   174	    entry.storedAt;
   175	
   176	  if (
   177	    age >
   178	    FALLBACK_MAX_AGE_MS
   179	  ) {
   180	    return null;
   181	  }
   182	
   183	  return {
   184	    ...entry.quote,
   185	    provider:
   186	      "CACHE" as const,
   187	    freshness:
   188	      "STALE" as const,
   189	    confidence:
   190	      "LOW" as const,
   191	    isFallback:
   192	      true,
   193	    error:
   194	      "Latest provider refresh failed. Showing the previous valid quote.",
   195	  };

======================================================================
src/lib/market-data/marketDataTypes.ts — pattern: QuoteCacheEntry
======================================================================
4-  MarketDataProviderResult as LegacyMarketDataProviderResult,
5-  MarketQuote as LegacyMarketQuote,
6-  MarketQuoteBatch as LegacyMarketQuoteBatch,
7-  NormalisedMarketSymbol as LegacyNormalisedMarketSymbol,
8-  QuoteApiResponse as LegacyQuoteApiResponse,
9:  QuoteCacheEntry as LegacyQuoteCacheEntry,
10-  QuoteConfidence as LegacyQuoteConfidence,
11-  QuoteFreshnessStatus as LegacyQuoteFreshnessStatus,
12-  QuoteRequestSecurity as LegacyQuoteRequestSecurity,
13-} from "./compatibility/legacyMarketDataCompatibility";
14-
15-export type MarketDataAssetType =
16-  | "EQUITY"
17-  | "ETF"
--
413-export type MarketDataProviderResult = LegacyMarketDataProviderResult;
414-export type MarketQuote = LegacyMarketQuote;
415-export type MarketQuoteBatch = LegacyMarketQuoteBatch;
416-export type NormalisedMarketSymbol = LegacyNormalisedMarketSymbol;
417-export type QuoteApiResponse = LegacyQuoteApiResponse;
418:export type QuoteCacheEntry = LegacyQuoteCacheEntry;
419-export type QuoteConfidence = LegacyQuoteConfidence
420-  | "HIGH"
421-  | "MEDIUM"
422-  | "LOW"
423-  | "NONE"
424-  | "UNAVAILABLE";
425-export type QuoteFreshnessStatus = LegacyQuoteFreshnessStatus
426-  | "REAL_TIME"

======================================================================
src/lib/market-data/quoteQuality.ts — lines 625-660
======================================================================
   625	      provider.expireAfterSeconds,
   626	
   627	    ...thresholdOverrides,
   628	  };
   629	
   630	  const receivedAt =
   631	    normaliseDate(
   632	      quote.receivedAt,
   633	      now
   634	    );
   635	
   636	  const quoteTimestamp =
   637	    normaliseDate(
   638	      quote.timestamp,
   639	      receivedAt
   640	    );
   641	
   642	  const adaptiveFreshness = compatibleAdaptiveFreshness(calculateAdaptiveQuoteFreshness({
   643	      quoteTimestamp,
   644	      receivedAt,
   645	      exchange:
   646	        symbol?.exchange ||
   647	        exchangeFromString(
   648	          quote.exchange
   649	        ),
   650	      latencyClass:
   651	        latencyClass(
   652	          quote,
   653	          provider
   654	        ),
   655	      explicitTradingStatus:
   656	        quote.tradingStatus,
   657	      now,
   658	    }));
   659	
   660	  const ageSeconds =

======================================================================
src/lib/market-data/quoteQuality.ts — lines 700-790
======================================================================
   700	  const changePercent =
   701	    calculateChangePercent(
   702	      price,
   703	      previousClose,
   704	      suppliedChangePercent
   705	    );
   706	
   707	  const quoteLatency =
   708	    latencyClass(
   709	      quote,
   710	      provider
   711	    );
   712	
   713	  const quoteTradingStatus =
   714	    tradingStatus(
   715	      quote.tradingStatus
   716	    );
   717	
   718	  const freshnessComponent =
   719	    freshnessScore(
   720	      freshness
   721	    );
   722	
   723	  const latencyComponent =
   724	    latencyScore(
   725	      quoteLatency
   726	    );
   727	
   728	  const completenessComponent =
   729	    completenessScore(
   730	      quote
   731	    );
   732	
   733	  const consistencyComponent =
   734	    consistencyScore(
   735	      quote,
   736	      price,
   737	      previousClose
   738	    );
   739	
   740	  const qualityScore =
   741	    round(
   742	      clamp(
   743	        freshnessComponent * 0.4 +
   744	        latencyComponent * 0.2 +
   745	        completenessComponent * 0.2 +
   746	        consistencyComponent * 0.2
   747	      )
   748	    );
   749	
   750	  const providerPriorityComponent =
   751	    clamp(
   752	      100 -
   753	      provider.priority
   754	    );
   755	
   756	  const confidenceScore =
   757	    round(
   758	      clamp(
   759	        qualityScore * 0.8 +
   760	        providerPriorityComponent * 0.2
   761	      )
   762	    );
   763	
   764	  const warnings =
   765	    Array.from(
   766	      new Set([
   767	        ...warningsForQuote({
   768	          price,
   769	          previousClose,
   770	          freshness,
   771	          latency:
   772	            quoteLatency,
   773	          quote,
   774	        }),
   775	        ...adaptiveFreshness.warnings,
   776	      ])
   777	    );
   778	
   779	  const expired =
   780	    freshness === "EXPIRED";
   781	
   782	  const stale =
   783	    freshness === "STALE" ||
   784	    expired;
   785	
   786	  const indicative =
   787	    quoteLatency === "INDICATIVE";
   788	
   789	  const delayed =
   790	    quoteLatency === "DELAYED" ||

======================================================================
src/lib/market-data/quoteQuality.ts — lines 870-910
======================================================================
   870	
   871	    currency:
   872	      quote.currency ||
   873	      symbol?.currency ||
   874	      null,
   875	
   876	    exchange:
   877	      symbol?.exchange ||
   878	      exchangeFromString(
   879	        quote.exchange
   880	      ),
   881	
   882	    quoteTimestamp:
   883	      quoteTimestamp.toISOString(),
   884	
   885	    receivedAt:
   886	      receivedAt.toISOString(),
   887	
   888	    ageSeconds,
   889	
   890	    freshness,
   891	
   892	    latencyClass:
   893	      quoteLatency,
   894	
   895	    tradingStatus:
   896	      quoteTradingStatus !==
   897	      "UNKNOWN"
   898	        ? quoteTradingStatus
   899	        : adaptiveFreshness
   900	            .marketSession
   901	            .tradingStatus,
   902	
   903	    provider:
   904	      quote.provider ||
   905	      provider.id,
   906	
   907	    source:
   908	      quote.source ||
   909	      provider.name,
   910	

======================================================================
src/lib/market-data/quoteService.ts — lines 125-165
======================================================================
   125	  for (
   126	    const provider of
   127	    providers
   128	  ) {
   129	    if (
   130	      unresolved.length ===
   131	      0
   132	    ) {
   133	      break;
   134	    }
   135	
   136	    providerRequests +=
   137	      1;
   138	
   139	    const result =
   140	      await (quoteProviderCallable(provider.getQuotes) ?? (async () => null))(
   141	        unresolved
   142	      );
   143	
   144	    if (
   145	      result.quotes.length >
   146	      0
   147	    ) {
   148	      providersUsed.add(
   149	        provider.id
   150	      );
   151	    }
   152	
   153	    cacheQuotes(
   154	      result.quotes
   155	    );
   156	
   157	    for (
   158	      const quote of
   159	      result.quotes
   160	    ) {
   161	      if (
   162	        quote.isValid
   163	      ) {
   164	        quoteMap.set(
   165	          quote.symbol,

======================================================================
src/lib/market-data/symbolNormaliser.ts — lines 200-225
======================================================================
   200	  return symbol.slice(
   201	    0,
   202	    -suffix.suffix.length
   203	  );
   204	}
   205	
   206	export function normaliseMarketSymbol(
   207	  security: QuoteRequestSecurity
   208	): NormalisedMarketSymbol {
   209	  const originalSymbol =
   210	    security.symbol;
   211	
   212	  const cleaned =
   213	    cleanSymbol(
   214	      security.providerSymbol ||
   215	      security.symbol
   216	    );
   217	
   218	  const suffix =
   219	    inferFromSuffix(
   220	      cleaned
   221	    );
   222	
   223	  const requestedExchange =
   224	    normaliseExchange(
   225	      security.exchange

======================================================================
CURRENT TYPESCRIPT ERRORS
======================================================================
src/app/(dashboard)/dashboard/page.tsx(142,48): error TS2304: Cannot find name 'openHoldings'.
src/app/(dashboard)/holdings/page.tsx(163,40): error TS2304: Cannot find name 'openHoldings'.
src/app/(dashboard)/holdings/page.tsx(167,47): error TS2304: Cannot find name 'openHoldings'.
src/app/api/market-data/market-hours/route.ts(59,12): error TS2554: Expected 3-4 arguments, but got 2.
src/components/market-data/MarketDataProviderStatus.tsx(175,21): error TS2322: Type 'unknown' is not assignable to type 'ReactNode'.
src/hooks/useLiveQuotes.ts(254,15): error TS2769: No overload matches this call.
src/hooks/useLiveQuotes.ts(264,31): error TS2339: Property 'quotes' does not exist on type 'unknown'.
src/hooks/useLiveQuotes.ts(265,15): error TS2740: Type '{}' is missing the following properties from type 'MarketDataProviderHealth[]': length, pop, push, concat, and 35 more.
src/hooks/useLiveQuotes.ts(274,31): error TS2339: Property 'completedAt' does not exist on type 'unknown'.
src/lib/market-data/adaptiveQuoteFreshness.ts(8,3): error TS2440: Import declaration conflicts with local declaration of 'AdaptiveQuoteFreshnessInput'.
src/lib/market-data/adaptiveQuoteFreshness.ts(10,3): error TS2440: Import declaration conflicts with local declaration of 'AdaptiveQuoteFreshnessResult'.
src/lib/market-data/adaptiveQuoteFreshness.ts(599,5): error TS2561: Object literal may only specify known properties, but 'acceptableForValuation' does not exist in type 'AdaptiveQuoteFreshnessResult'. Did you mean to write 'isAcceptableForValuation'?
src/lib/market-data/index.ts(14,1): error TS2308: Module "./marketSessionTypes" has already exported a member named 'AdaptiveQuoteFreshnessInput'. Consider explicitly re-exporting to resolve the ambiguity.
src/lib/market-data/index.ts(14,1): error TS2308: Module "./marketSessionTypes" has already exported a member named 'AdaptiveQuoteFreshnessResult'. Consider explicitly re-exporting to resolve the ambiguity.
src/lib/market-data/marketDataRefreshDiagnostics.ts(108,3): error TS2740: Type '{ generatedAt: string; policy: unknown; statistics: any; activeJobs: { updatedAt: string; }[]; queuedJobs: { updatedAt: string; }[]; retryJobs: { updatedAt: string; }[]; recentCompletedJobs: { updatedAt: string; }[]; recentFailedJobs: { ...; }[]; providerHealth: ProviderHealthStore; }' is missing the following properties from type 'MarketDataRefreshDiagnosticSummary': jobs, completedJobs, failedJobs, activeJobCount, and 4 more.
src/lib/market-data/marketDataRefreshDiagnostics.ts(117,7): error TS2349: This expression is not callable.
src/lib/market-data/marketDataRefreshDiagnostics.ts(121,9): error TS2345: Argument of type 'unknown[]' is not assignable to parameter of type '{ updatedAt: string; }[]'.
src/lib/market-data/marketDataRefreshDiagnostics.ts(125,17): error TS2339: Property 'state' does not exist on type 'unknown'.
src/lib/market-data/marketDataRefreshDiagnostics.ts(132,9): error TS2345: Argument of type 'unknown[]' is not assignable to parameter of type '{ updatedAt: string; }[]'.
src/lib/market-data/marketDataRefreshDiagnostics.ts(136,17): error TS2339: Property 'state' does not exist on type 'unknown'.
src/lib/market-data/marketDataRefreshDiagnostics.ts(143,9): error TS2345: Argument of type 'unknown[]' is not assignable to parameter of type '{ updatedAt: string; }[]'.
src/lib/market-data/marketDataRefreshDiagnostics.ts(147,17): error TS2339: Property 'state' does not exist on type 'unknown'.
src/lib/market-data/marketDataRefreshDiagnostics.ts(154,9): error TS2345: Argument of type 'unknown[]' is not assignable to parameter of type '{ updatedAt: string; }[]'.
src/lib/market-data/marketDataRefreshDiagnostics.ts(158,17): error TS2339: Property 'state' does not exist on type 'unknown'.
src/lib/market-data/marketDataRefreshDiagnostics.ts(168,9): error TS2345: Argument of type 'unknown[]' is not assignable to parameter of type '{ updatedAt: string; }[]'.
src/lib/market-data/marketDataRefreshDiagnostics.ts(172,17): error TS2339: Property 'state' does not exist on type 'unknown'.
src/lib/market-data/marketSessionDiagnostics.ts(106,11): error TS2367: This comparison appears to be unintentional because the types '"UNKNOWN" | "CLOSED" | "PRE_MARKET" | "AFTER_HOURS" | "CONTINUOUS"' and '"REGULAR"' have no overlap.
src/lib/market-data/marketSessionDiagnostics.ts(121,5): error TS2322: Type 'CompatibilityMarketSessionSnapshot[]' is not assignable to type 'MarketSessionSnapshot[]'.
src/lib/market-data/multiProviderQuoteResolver.ts(624,11): error TS2345: Argument of type 'string' is not assignable to parameter of type 'MarketDataAdapterError'.
src/lib/market-data/multiProviderQuoteResolver.ts(648,9): error TS2322: Type 'string' is not assignable to type 'MarketDataAdapterError'.
src/lib/market-data/providers/providerUtils.ts(35,4): error TS2304: Cannot find name 'QuoteConfidence'.
src/lib/market-data/providers/providerUtils.ts(45,5): error TS2304: Cannot find name 'QuoteConfidence'.
src/lib/market-data/quoteCache.ts(105,5): error TS2345: Argument of type '{ quote: MarketQuote; storedAt: number; expiresAt: number; }' is not assignable to parameter of type 'QuoteCacheEntry'.
src/lib/market-data/quoteCache.ts(174,5): error TS2363: The right-hand side of an arithmetic operation must be of type 'any', 'number', 'bigint' or an enum type.
src/lib/market-data/quoteQuality.ts(644,7): error TS2353: Object literal may only specify known properties, and 'receivedAt' does not exist in type 'AdaptiveQuoteFreshnessInput'.
src/lib/market-data/quoteQuality.ts(720,7): error TS2345: Argument of type 'unknown' is not assignable to parameter of type 'QuoteFreshness'.
src/lib/market-data/quoteQuality.ts(770,11): error TS2322: Type 'unknown' is not assignable to type 'QuoteFreshness'.
src/lib/market-data/quoteQuality.ts(775,12): error TS2488: Type 'unknown' must have a '[Symbol.iterator]()' method that returns an iterator.
src/lib/market-data/quoteQuality.ts(888,5): error TS2322: Type 'unknown' is not assignable to type 'number'.
src/lib/market-data/quoteQuality.ts(890,5): error TS2322: Type 'unknown' is not assignable to type 'QuoteFreshness'.
src/lib/market-data/quoteQuality.ts(901,14): error TS2339: Property 'tradingStatus' does not exist on type 'unknown'.
src/lib/market-data/quoteService.ts(149,9): error TS2345: Argument of type 'string' is not assignable to parameter of type 'MarketDataProviderId'.
src/lib/market-data/symbolNormaliser.ts(214,7): error TS2345: Argument of type 'unknown' is not assignable to parameter of type 'string'.
